<?xml version="1.0" encoding="UTF-8"?>
<!-- Generated by org.testng.reporters.JUnitReportReporter -->
<testsuite skipped="0" hostname="DESKTOP-P9HJ0UP" name="com.vtiger.testpom.TestLogin" tests="1" failures="0" timestamp="2019-11-12T18:24:20 IST" time="71.432" errors="0">
  <testcase name="validLogin" time="71.432" classname="com.vtiger.testpom.TestLogin"/>
</testsuite> <!-- com.vtiger.testpom.TestLogin -->
